<?xml version="1.0" encoding="UTF-8"?>
<testng-results skipped="0" failed="0" total="2" passed="2">
  <reporter-output>
  </reporter-output>
  <suite name="Suite" duration-ms="53743" started-at="2016-08-04T07:23:12Z" finished-at="2016-08-04T07:24:06Z">
    <groups>
    </groups>
    <test name="tvcms" duration-ms="53743" started-at="2016-08-04T07:23:12Z" finished-at="2016-08-04T07:24:06Z">
      <class name="common.Login">
        <test-method status="PASS" signature="testLogin(java.lang.String, java.lang.String, java.lang.String)[pri:0, instance:common.Login@d0c94c0]" name="testLogin" duration-ms="29624" started-at="2016-08-04T15:23:12Z" finished-at="2016-08-04T15:23:42Z">
          <params>
            <param index="0">
              <value>
                <![CDATA[http://10.61.41.40:8085/]]>
              </value>
            </param>
            <param index="1">
              <value>
                <![CDATA[bestv]]>
              </value>
            </param>
            <param index="2">
              <value>
                <![CDATA[bestv]]>
              </value>
            </param>
          </params>
          <reporter-output>
          </reporter-output>
        </test-method> <!-- testLogin -->
        <test-method status="PASS" signature="logout()[pri:0, instance:common.Login@d0c94c0]" name="logout" is-config="true" duration-ms="1036" started-at="2016-08-04T15:23:42Z" finished-at="2016-08-04T15:23:43Z">
          <reporter-output>
          </reporter-output>
        </test-method> <!-- logout -->
      </class> <!-- common.Login -->
      <class name="common.Vod_queryByCode">
        <test-method status="PASS" signature="beforeClass(java.lang.String, java.lang.String, java.lang.String)[pri:0, instance:common.Vod_queryByCode@3514ba11]" name="beforeClass" is-config="true" duration-ms="5115" started-at="2016-08-04T15:23:43Z" finished-at="2016-08-04T15:23:48Z">
          <params>
            <param index="0">
              <value>
                <![CDATA[http://10.61.41.40:8085/]]>
              </value>
            </param>
            <param index="1">
              <value>
                <![CDATA[bestv]]>
              </value>
            </param>
            <param index="2">
              <value>
                <![CDATA[bestv]]>
              </value>
            </param>
          </params>
          <reporter-output>
          </reporter-output>
        </test-method> <!-- beforeClass -->
        <test-method status="PASS" signature="queryByCode(java.lang.String)[pri:0, instance:common.Vod_queryByCode@3514ba11]" name="queryByCode" duration-ms="17604" started-at="2016-08-04T15:23:48Z" finished-at="2016-08-04T15:24:05Z">
          <params>
            <param index="0">
              <value>
                <![CDATA[1909874]]>
              </value>
            </param>
          </params>
          <reporter-output>
          </reporter-output>
        </test-method> <!-- queryByCode -->
        <test-method status="PASS" signature="afterClass()[pri:0, instance:common.Vod_queryByCode@3514ba11]" name="afterClass" is-config="true" duration-ms="304" started-at="2016-08-04T15:24:05Z" finished-at="2016-08-04T15:24:06Z">
          <reporter-output>
          </reporter-output>
        </test-method> <!-- afterClass -->
      </class> <!-- common.Vod_queryByCode -->
    </test> <!-- tvcms -->
  </suite> <!-- Suite -->
</testng-results>
