<?xml version="1.0" encoding="UTF-8"?>
<!-- Generated by org.testng.reporters.JUnitXMLReporter -->
<testsuite hostname="gongxiaoqin-nb" name="vod_queryBycode" tests="1" failures="1" timestamp="4 Aug 2016 06:05:39 GMT" time="22.142" errors="0">
  <testcase name="queryByCode" time="5.285" classname="common.Vod_queryByCode">
    <failure type="com.thoughtworks.selenium.SeleniumException" message="ERROR: Element id=search_Channel_contentParam_code not found">
      <![CDATA[com.thoughtworks.selenium.SeleniumException: ERROR: Element id=search_Channel_contentParam_code not found
	at com.thoughtworks.selenium.HttpCommandProcessor.throwAssertionFailureExceptionOrError(HttpCommandProcessor.java:109)
	at com.thoughtworks.selenium.HttpCommandProcessor.doCommand(HttpCommandProcessor.java:103)
	at com.thoughtworks.selenium.DefaultSelenium.type(DefaultSelenium.java:317)
	at common.Vod_queryByCode.queryByCode(Vod_queryByCode.java:23)
... Removed 24 stack frames]]>
    </failure>
  </testcase> <!-- queryByCode -->
</testsuite> <!-- vod_queryBycode -->
